f:\dpv-2018\dpv-2018\debug\vc141.pdb
f:\dpv-2018\dpv-2018\debug\vc141.idb
f:\dpv-2018\dpv-2018\debug\semanaliz.obj
f:\dpv-2018\dpv-2018\debug\error.obj
f:\dpv-2018\dpv-2018\debug\dpv-2018.obj
f:\dpv-2018\dpv-2018\debug\polishnotation.obj
f:\dpv-2018\dpv-2018\debug\cg.obj
f:\dpv-2018\dpv-2018\debug\lt.obj
f:\dpv-2018\dpv-2018\debug\it.obj
f:\dpv-2018\dpv-2018\debug\greibach.obj
f:\dpv-2018\dpv-2018\debug\lexanaliz.obj
f:\dpv-2018\dpv-2018\debug\dpv-2018.pch
f:\dpv-2018\dpv-2018\debug\stdafx.obj
f:\dpv-2018\dpv-2018\debug\parm.obj
f:\dpv-2018\dpv-2018\debug\mfst.obj
f:\dpv-2018\dpv-2018\debug\log.obj
f:\dpv-2018\dpv-2018\debug\in.obj
f:\dpv-2018\dpv-2018\debug\fst.obj
f:\dpv-2018\dpv-2018\debug\div.obj
f:\dpv-2018\debug\dpv-2018.exe
f:\dpv-2018\debug\dpv-2018.ilk
f:\dpv-2018\debug\dpv-2018.pdb
f:\dpv-2018\dpv-2018\debug\cg.obj.enc
f:\dpv-2018\dpv-2018\debug\dpv-2018.tlog\cl.command.1.tlog
f:\dpv-2018\dpv-2018\debug\dpv-2018.tlog\cl.read.1.tlog
f:\dpv-2018\dpv-2018\debug\dpv-2018.tlog\cl.write.1.tlog
f:\dpv-2018\dpv-2018\debug\dpv-2018.tlog\link.command.1.tlog
f:\dpv-2018\dpv-2018\debug\dpv-2018.tlog\link.read.1.tlog
f:\dpv-2018\dpv-2018\debug\dpv-2018.tlog\link.write.1.tlog
